<?xml version="1.0" encoding="UTF-8"?>
<!-- Generated by org.testng.reporters.JUnitReportReporter -->
<testsuite hostname="DESKTOP-G7QUAJ4" failures="0" tests="3" name="PK1.DemoqaxpathDatafromExcel" time="260.661" errors="0" timestamp="20 Oct 2024 07:13:49 GMT" skipped="0">
  <testcase classname="PK1.DemoqaxpathDatafromExcel" name="DemoqaRelativexpath" time="72.440"/>
  <testcase classname="PK1.DemoqaxpathDatafromExcel" name="DemoqaRelativexpath" time="100.453"/>
  <testcase classname="PK1.DemoqaxpathDatafromExcel" name="DemoqaRelativexpath" time="87.768"/>
</testsuite> <!-- PK1.DemoqaxpathDatafromExcel -->
