<?xml version="1.0" encoding="UTF-8"?>
<!-- Generated by org.testng.reporters.JUnitReportReporter -->
<testsuite hostname="DESKTOP-G7QUAJ4" failures="0" tests="6" name="PK3OrangeHRM.OrangeHRMDatafromExcel" time="183.881" errors="0" timestamp="20 Oct 2024 07:13:49 GMT" skipped="0">
  <testcase classname="PK3OrangeHRM.OrangeHRMDatafromExcel" name="CreateOrganeHRM" time="49.624"/>
  <testcase classname="PK3OrangeHRM.OrangeHRMDatafromExcel" name="CreateOrganeHRM" time="52.522"/>
  <testcase classname="PK3OrangeHRM.OrangeHRMDatafromExcel" name="EditOrganeHRM" time="31.327"/>
  <testcase classname="PK3OrangeHRM.OrangeHRMDatafromExcel" name="AddLeave" time="17.726"/>
  <testcase classname="PK3OrangeHRM.OrangeHRMDatafromExcel" name="EditLeave" time="18.343"/>
  <testcase classname="PK3OrangeHRM.OrangeHRMDatafromExcel" name="DeleteLeave" time="14.339"/>
</testsuite> <!-- PK3OrangeHRM.OrangeHRMDatafromExcel -->
