<?xml version="1.0" encoding="UTF-8"?>
<!-- Generated by org.testng.reporters.JUnitReportReporter -->
<testsuite hostname="DESKTOP-G7QUAJ4" failures="0" tests="1" name="PK1.Address" time="46.363" errors="0" timestamp="06 Oct 2024 05:19:43 GMT" skipped="0">
  <testcase classname="PK1.Address" name="DemoqaRelativexpath" time="46.363"/>
</testsuite> <!-- PK1.Address -->
