<?xml version="1.0" encoding="UTF-8"?>
<!-- Generated by org.testng.reporters.JUnitReportReporter -->
<testsuite hostname="DESKTOP-G7QUAJ4" failures="0" tests="3" name="PK1.NewTest" time="0.084" errors="0" timestamp="02 Oct 2024 06:24:52 GMT" skipped="0">
  <testcase classname="PK1.NewTest" name="f2" time="0.064"/>
  <testcase classname="PK1.NewTest" name="f1" time="0.004"/>
  <testcase classname="PK1.NewTest" name="f" time="0.016"/>
</testsuite> <!-- PK1.NewTest -->
