<?xml version="1.0" encoding="UTF-8"?>
<!-- Generated by org.testng.reporters.JUnitReportReporter -->
<testsuite hostname="DESKTOP-G7QUAJ4" failures="0" tests="1" name="PK1.Demoblazecartxpath" time="54.762" errors="0" timestamp="05 Oct 2024 07:04:48 GMT" skipped="0">
  <testcase classname="PK1.Demoblazecartxpath" name="AddmobiletocartRelativexpath" time="54.762"/>
</testsuite> <!-- PK1.Demoblazecartxpath -->
