<?xml version="1.0" encoding="UTF-8"?>
<!-- Generated by org.testng.reporters.JUnitReportReporter -->
<testsuite hostname="DESKTOP-G7QUAJ4" failures="0" tests="2" name="PK3OrangeHRM.ParallelBrowser" time="55.899" errors="0" timestamp="23 Oct 2024 11:48:00 GMT" skipped="0">
  <testcase classname="PK3OrangeHRM.ParallelBrowser" name="f1" time="29.532"/>
  <testcase classname="PK3OrangeHRM.ParallelBrowser" name="f2" time="26.367"/>
</testsuite> <!-- PK3OrangeHRM.ParallelBrowser -->
