<?xml version="1.0" encoding="UTF-8"?>
<!-- Generated by org.testng.reporters.JUnitReportReporter -->
<testsuite hostname="DESKTOP-G7QUAJ4" failures="0" tests="3" name="PK3OrangeHRM.OrangeHRM" time="93.443" errors="0" timestamp="20 Oct 2024 04:35:57 GMT" skipped="0">
  <testcase classname="PK3OrangeHRM.OrangeHRM" name="CreateOrganeHRM" time="50.682"/>
  <testcase classname="PK3OrangeHRM.OrangeHRM" name="EditOrganeHRM" time="25.688"/>
  <testcase classname="PK3OrangeHRM.OrangeHRM" name="AddLeave" time="17.073"/>
</testsuite> <!-- PK3OrangeHRM.OrangeHRM -->
