<?xml version="1.0" encoding="UTF-8"?>
<!-- Generated by org.testng.reporters.JUnitReportReporter -->
<testsuite hostname="DESKTOP-G7QUAJ4" failures="0" tests="1" name="PK1.Demoqaxpath" time="78.724" errors="0" timestamp="20 Oct 2024 04:12:07 GMT" skipped="0">
  <testcase classname="PK1.Demoqaxpath" name="DemoqaRelativexpath" time="78.724"/>
</testsuite> <!-- PK1.Demoqaxpath -->
