<?xml version="1.0" encoding="UTF-8"?>
<!-- Generated by org.testng.reporters.JUnitReportReporter -->
<testsuite hostname="DESKTOP-G7QUAJ4" failures="0" tests="4" name="PK1.DataProviderTest" time="0.083" errors="0" timestamp="02 Oct 2024 06:41:48 GMT" skipped="0">
  <testcase classname="PK1.DataProviderTest" name="Registration" time="0.020"/>
  <testcase classname="PK1.DataProviderTest" name="LoginTest" time="0.012"/>
  <testcase classname="PK1.DataProviderTest" name="LoginTest" time="0.044"/>
  <testcase classname="PK1.DataProviderTest" name="LoginTest" time="0.007"/>
</testsuite> <!-- PK1.DataProviderTest -->
