<?xml version="1.0" encoding="UTF-8"?>
<!-- Generated by org.testng.reporters.JUnitReportReporter -->
<testsuite hostname="DESKTOP-G7QUAJ4" failures="0" tests="1" name="PK1.DemoqaxpathDatafromExcel" time="79.287" errors="0" timestamp="29 Oct 2024 09:38:06 GMT" skipped="0">
  <testcase classname="PK1.DemoqaxpathDatafromExcel" name="DemoqaRelativexpath" time="79.287"/>
</testsuite> <!-- PK1.DemoqaxpathDatafromExcel -->
